<?xml version="1.0" encoding="UTF-8"?>
<!-- Generated by org.testng.reporters.JUnitXMLReporter -->
<testsuite ignored="2" hostname="DESKTOP-ENSFD6T" failures="0" tests="4" name="Test1" time="139.316" errors="0" timestamp="2022-05-30T21:09:21 IST">
  <testcase classname="com.qa.basicsTestng.Orangehrm" name="BasicUrl" time="48.357"/>
  <testcase classname="com.qa.basicsTestng.Orangehrm" name="LoginDetails" time="36.55"/>
  <testcase classname="com.qa.basicsTestng.Testclass" name="TestGoogle" time="34.056"/>
  <testcase classname="com.qa.basicsTestng.Testclass" name="TestFacebook" time="20.21"/>
  <testcase classname="com.qa.basicsTestng.Orangehrm" name="VerifyLogin" time="0.0">
    <ignored/>
  </testcase> <!-- VerifyLogin -->
  <testcase classname="com.qa.basicsTestng.Orangehrm" name="MyInfo" time="0.0">
    <ignored/>
  </testcase> <!-- MyInfo -->
</testsuite> <!-- Test1 -->
